2021-05-24 18:43:08.421 [info] <0.44.0> Application lager started on node nonode@nohost
2021-05-24 18:43:08.427 [info] <0.44.0> Application xmerl started on node nonode@nohost
2021-05-24 18:43:08.434 [info] <0.44.0> Application sasl started on node nonode@nohost
2021-05-24 18:43:08.434 [info] <0.44.0> Application tools started on node nonode@nohost
2021-05-24 18:43:08.434 [info] <0.44.0> Application jsx started on node nonode@nohost
2021-05-24 18:43:08.434 [info] <0.44.0> Application recon started on node nonode@nohost
2021-05-24 18:43:08.451 [info] <0.44.0> Application credentials_obfuscation started on node nonode@nohost
2021-05-24 18:43:08.451 [info] <0.44.0> Application rabbit_common started on node nonode@nohost
2021-05-24 18:43:08.465 [info] <0.44.0> Application amqp_client started on node nonode@nohost
2021-05-24 18:43:08.467 [info] <0.44.0> Application amqp started on node nonode@nohost
2021-05-24 18:43:08.581 [warning] <0.540.0> AMQP 0-9-1 client call timeout was 60000 ms, is updated to a safe effective value of 70000 ms
2021-05-24 18:43:08.671 [info] <0.44.0> Application api_test started on node nonode@nohost
2021-05-24 18:43:43.055 [error] <0.687.0> CRASH REPORT Process <0.687.0> with 2 neighbours exited with reason: {{{{#{'__exception__' => true,'__struct__' => 'Elixir.BadMapError',term => nil},[{'Elixir.Map',get,[nil,<<"user_login">>,nil],[{file,"lib/map.ex"},{line,469}]},{'Elixir.Api.Router','-do_match/4-fun-6-',2,[{file,"lib/api_test/router.ex"},{line,161}]},{'Elixir.Api.Router',dispatch,2,[{file,"lib/plug/router.ex"},{line,284}]},{'Elixir.Api.Router',plug_builder_call,2,[{file,"lib/api_test/router.ex"},{line,1}]},{'Elixir.Plug.Cowboy.Handler',init,2,[{file,"lib/plug/cowboy/handler.ex"},{line,12}]},...]},...},...},...}
2021-05-24 18:43:43.058 [error] <0.687.0> Cowboy stream 2 with ranch listener 'Elixir.Api.Router.HTTP' and connection process <0.684.0> had its request process exit with reason: {{{#{'__exception__' => true,'__struct__' => 'Elixir.BadMapError',term => nil},[{'Elixir.Map',get,[nil,<<"user_login">>,nil],[{file,"lib/map.ex"},{line,469}]},{'Elixir.Api.Router','-do_match/4-fun-6-',2,[{file,"lib/api_test/router.ex"},{line,161}]},{'Elixir.Api.Router',dispatch,2,[{file,"lib/plug/router.ex"},{line,284}]},{'Elixir.Api.Router',plug_builder_call,2,[{file,"lib/api_test/router.ex"},{line,1}]},{'Elixir.Plug.Cowboy.Handler',init,2,[{file,"lib/plug/cowboy/handler.ex"},{line,12}]},...]},...},...}
2021-05-24 18:44:52.211 [error] <0.691.0> CRASH REPORT Process <0.691.0> with 2 neighbours exited with reason: {{{{#{'__exception__' => true,'__struct__' => 'Elixir.BadMapError',term => nil},[{'Elixir.Map',get,[nil,<<"user_login">>,nil],[{file,"lib/map.ex"},{line,469}]},{'Elixir.Api.Router','-do_match/4-fun-6-',2,[{file,"lib/api_test/router.ex"},{line,161}]},{'Elixir.Api.Router',dispatch,2,[{file,"lib/plug/router.ex"},{line,284}]},{'Elixir.Api.Router',plug_builder_call,2,[{file,"lib/api_test/router.ex"},{line,1}]},{'Elixir.Plug.Cowboy.Handler',init,2,[{file,"lib/plug/cowboy/handler.ex"},{line,12}]},...]},...},...},...}
2021-05-24 18:44:52.211 [error] <0.691.0> Cowboy stream 1 with ranch listener 'Elixir.Api.Router.HTTP' and connection process <0.690.0> had its request process exit with reason: {{{#{'__exception__' => true,'__struct__' => 'Elixir.BadMapError',term => nil},[{'Elixir.Map',get,[nil,<<"user_login">>,nil],[{file,"lib/map.ex"},{line,469}]},{'Elixir.Api.Router','-do_match/4-fun-6-',2,[{file,"lib/api_test/router.ex"},{line,161}]},{'Elixir.Api.Router',dispatch,2,[{file,"lib/plug/router.ex"},{line,284}]},{'Elixir.Api.Router',plug_builder_call,2,[{file,"lib/api_test/router.ex"},{line,1}]},{'Elixir.Plug.Cowboy.Handler',init,2,[{file,"lib/plug/cowboy/handler.ex"},{line,12}]},...]},...},...}
2021-05-24 18:47:19.180 [info] <0.44.0> Application lager started on node nonode@nohost
2021-05-24 18:47:19.187 [info] <0.44.0> Application xmerl started on node nonode@nohost
2021-05-24 18:47:19.193 [info] <0.44.0> Application sasl started on node nonode@nohost
2021-05-24 18:47:19.193 [info] <0.44.0> Application tools started on node nonode@nohost
2021-05-24 18:47:19.193 [info] <0.44.0> Application jsx started on node nonode@nohost
2021-05-24 18:47:19.193 [info] <0.44.0> Application recon started on node nonode@nohost
2021-05-24 18:47:19.212 [info] <0.44.0> Application credentials_obfuscation started on node nonode@nohost
2021-05-24 18:47:19.212 [info] <0.44.0> Application rabbit_common started on node nonode@nohost
2021-05-24 18:47:19.226 [info] <0.44.0> Application amqp_client started on node nonode@nohost
2021-05-24 18:47:19.227 [info] <0.44.0> Application amqp started on node nonode@nohost
2021-05-24 18:47:19.358 [warning] <0.402.0> AMQP 0-9-1 client call timeout was 60000 ms, is updated to a safe effective value of 70000 ms
2021-05-24 18:47:19.435 [info] <0.44.0> Application api_test started on node nonode@nohost
2021-05-24 18:54:21.249 [error] <0.541.0> CRASH REPORT Process <0.541.0> with 2 neighbours exited with reason: {{{{noproc,{gen_server,call,[<0.530.0>,{call,{'basic.publish',0,<<"my_api">>,<<"api.login.auth-login.events">>,false,false},{amqp_msg,{'P_basic',<<"application/json">>,undefined,undefined,2,undefined,undefined,undefined,undefined,undefined,undefined,undefined,undefined,<<"auth_service">>,undefined},<<"{\"name\":\"utilizator1\"}">>},<0.541.0>},70000]}},{'Elixir.Api.Router',call,[#{'__struct__' => 'Elixir.Plug.Conn',adapter => {'Elixir.Plug.Cowboy.Conn',#{bindings => #{},body_length => 65,...}},...},...]}},...},...}
2021-05-24 18:54:21.253 [error] <0.541.0> Cowboy stream 1 with ranch listener 'Elixir.Api.Router.HTTP' and connection process <0.540.0> had its request process exit with reason: {{{noproc,{gen_server,call,[<0.530.0>,{call,{'basic.publish',0,<<"my_api">>,<<"api.login.auth-login.events">>,false,false},{amqp_msg,{'P_basic',<<"application/json">>,undefined,undefined,2,undefined,undefined,undefined,undefined,undefined,undefined,undefined,undefined,<<"auth_service">>,undefined},<<"{\"name\":\"utilizator1\"}">>},<0.541.0>},70000]}},{'Elixir.Api.Router',call,[#{'__struct__' => 'Elixir.Plug.Conn',adapter => {'Elixir.Plug.Cowboy.Conn',#{bindings => #{},body_length => 65,cert => ...,...}},...},...]}},...}
2021-05-24 18:54:34.859 [info] <0.44.0> Application lager started on node nonode@nohost
2021-05-24 18:54:34.866 [info] <0.44.0> Application xmerl started on node nonode@nohost
2021-05-24 18:54:34.873 [info] <0.44.0> Application sasl started on node nonode@nohost
2021-05-24 18:54:34.873 [info] <0.44.0> Application tools started on node nonode@nohost
2021-05-24 18:54:34.873 [info] <0.44.0> Application jsx started on node nonode@nohost
2021-05-24 18:54:34.873 [info] <0.44.0> Application recon started on node nonode@nohost
2021-05-24 18:54:34.889 [info] <0.44.0> Application credentials_obfuscation started on node nonode@nohost
2021-05-24 18:54:34.889 [info] <0.44.0> Application rabbit_common started on node nonode@nohost
2021-05-24 18:54:34.904 [info] <0.44.0> Application amqp_client started on node nonode@nohost
2021-05-24 18:54:34.906 [info] <0.44.0> Application amqp started on node nonode@nohost
2021-05-24 18:54:35.062 [warning] <0.389.0> AMQP 0-9-1 client call timeout was 60000 ms, is updated to a safe effective value of 70000 ms
2021-05-24 18:54:35.144 [info] <0.44.0> Application api_test started on node nonode@nohost
2021-05-24 18:56:06.641 [info] <0.44.0> Application lager started on node nonode@nohost
2021-05-24 18:56:06.647 [info] <0.44.0> Application xmerl started on node nonode@nohost
2021-05-24 18:56:06.654 [info] <0.44.0> Application sasl started on node nonode@nohost
2021-05-24 18:56:06.654 [info] <0.44.0> Application tools started on node nonode@nohost
2021-05-24 18:56:06.655 [info] <0.44.0> Application jsx started on node nonode@nohost
2021-05-24 18:56:06.655 [info] <0.44.0> Application recon started on node nonode@nohost
2021-05-24 18:56:06.672 [info] <0.44.0> Application credentials_obfuscation started on node nonode@nohost
2021-05-24 18:56:06.672 [info] <0.44.0> Application rabbit_common started on node nonode@nohost
2021-05-24 18:56:06.685 [info] <0.44.0> Application amqp_client started on node nonode@nohost
2021-05-24 18:56:06.687 [info] <0.44.0> Application amqp started on node nonode@nohost
2021-05-24 18:56:06.809 [warning] <0.540.0> AMQP 0-9-1 client call timeout was 60000 ms, is updated to a safe effective value of 70000 ms
2021-05-24 18:56:07.303 [info] <0.44.0> Application api_test started on node nonode@nohost
2021-05-24 18:58:48.075 [info] <0.44.0> Application lager started on node nonode@nohost
2021-05-24 18:58:48.082 [info] <0.44.0> Application xmerl started on node nonode@nohost
2021-05-24 18:58:48.089 [info] <0.44.0> Application sasl started on node nonode@nohost
2021-05-24 18:58:48.089 [info] <0.44.0> Application tools started on node nonode@nohost
2021-05-24 18:58:48.089 [info] <0.44.0> Application jsx started on node nonode@nohost
2021-05-24 18:58:48.089 [info] <0.44.0> Application recon started on node nonode@nohost
2021-05-24 18:58:48.105 [info] <0.44.0> Application credentials_obfuscation started on node nonode@nohost
2021-05-24 18:58:48.105 [info] <0.44.0> Application rabbit_common started on node nonode@nohost
2021-05-24 18:58:48.119 [info] <0.44.0> Application amqp_client started on node nonode@nohost
2021-05-24 18:58:48.121 [info] <0.44.0> Application amqp started on node nonode@nohost
2021-05-24 18:58:48.236 [warning] <0.540.0> AMQP 0-9-1 client call timeout was 60000 ms, is updated to a safe effective value of 70000 ms
2021-05-24 18:58:48.307 [info] <0.44.0> Application api_test started on node nonode@nohost
2021-05-24 19:02:44.575 [info] <0.44.0> Application lager started on node nonode@nohost
2021-05-24 19:02:44.582 [info] <0.44.0> Application xmerl started on node nonode@nohost
2021-05-24 19:02:44.589 [info] <0.44.0> Application sasl started on node nonode@nohost
2021-05-24 19:02:44.589 [info] <0.44.0> Application tools started on node nonode@nohost
2021-05-24 19:02:44.589 [info] <0.44.0> Application jsx started on node nonode@nohost
2021-05-24 19:02:44.589 [info] <0.44.0> Application recon started on node nonode@nohost
2021-05-24 19:02:44.606 [info] <0.44.0> Application credentials_obfuscation started on node nonode@nohost
2021-05-24 19:02:44.606 [info] <0.44.0> Application rabbit_common started on node nonode@nohost
2021-05-24 19:02:44.620 [info] <0.44.0> Application amqp_client started on node nonode@nohost
2021-05-24 19:02:44.622 [info] <0.44.0> Application amqp started on node nonode@nohost
2021-05-24 19:02:45.061 [warning] <0.540.0> AMQP 0-9-1 client call timeout was 60000 ms, is updated to a safe effective value of 70000 ms
2021-05-24 19:02:45.134 [info] <0.44.0> Application api_test started on node nonode@nohost
