2021-05-31 08:43:58.196 [info] <0.44.0> Application logger started on node nonode@nohost
2021-05-31 08:43:58.201 [info] <0.44.0> Application poison started on node nonode@nohost
2021-05-31 08:43:58.201 [info] <0.44.0> Application cowlib started on node nonode@nohost
2021-05-31 08:43:58.201 [info] <0.44.0> Application ranch started on node nonode@nohost
2021-05-31 08:43:58.209 [info] <0.44.0> Application cowboy started on node nonode@nohost
2021-05-31 08:43:58.209 [info] <0.44.0> Application eex started on node nonode@nohost
2021-05-31 08:43:58.209 [info] <0.44.0> Application mime started on node nonode@nohost
2021-05-31 08:43:58.209 [info] <0.44.0> Application plug_crypto started on node nonode@nohost
2021-05-31 08:43:58.219 [info] <0.44.0> Application telemetry started on node nonode@nohost
2021-05-31 08:43:58.220 [info] <0.44.0> Application plug started on node nonode@nohost
2021-05-31 08:43:58.220 [info] <0.44.0> Application cowboy_telemetry started on node nonode@nohost
2021-05-31 08:43:58.220 [info] <0.44.0> Application plug_cowboy started on node nonode@nohost
2021-05-31 08:43:58.220 [info] <0.44.0> Application jsonapi started on node nonode@nohost
2021-05-31 08:43:58.220 [info] <0.44.0> Application connection started on node nonode@nohost
2021-05-31 08:43:58.230 [info] <0.44.0> Application db_connection started on node nonode@nohost
2021-05-31 08:43:58.233 [info] <0.44.0> Application mongodb started on node nonode@nohost
2021-05-31 08:43:58.233 [info] <0.44.0> Application unicode_util_compat started on node nonode@nohost
2021-05-31 08:43:58.233 [info] <0.44.0> Application idna started on node nonode@nohost
2021-05-31 08:43:58.233 [info] <0.44.0> Application mimerl started on node nonode@nohost
2021-05-31 08:43:58.233 [info] <0.44.0> Application certifi started on node nonode@nohost
2021-05-31 08:43:58.233 [info] <0.44.0> Application parse_trans started on node nonode@nohost
2021-05-31 08:43:58.233 [info] <0.44.0> Application ssl_verify_fun started on node nonode@nohost
2021-05-31 08:43:58.233 [info] <0.44.0> Application metrics started on node nonode@nohost
2021-05-31 08:43:58.264 [info] <0.44.0> Application hackney started on node nonode@nohost
2021-05-31 08:43:58.332 [info] <0.44.0> Application tzdata started on node nonode@nohost
2021-05-31 08:43:58.332 [info] <0.44.0> Application combine started on node nonode@nohost
2021-05-31 08:43:58.338 [info] <0.44.0> Application timex started on node nonode@nohost
2021-05-31 08:43:58.504 [info] <0.44.0> Application jose started on node nonode@nohost
2021-05-31 08:43:58.505 [info] <0.44.0> Application joken started on node nonode@nohost
2021-05-31 08:43:58.505 [info] <0.44.0> Application comeonin started on node nonode@nohost
2021-05-31 08:43:58.505 [info] <0.44.0> Application pbkdf2_elixir started on node nonode@nohost
2021-05-31 08:43:58.505 [info] <0.44.0> Application elixir_uuid started on node nonode@nohost
2021-05-31 08:43:58.505 [info] <0.44.0> Application xmerl started on node nonode@nohost
2021-05-31 08:43:58.523 [info] <0.44.0> Application sasl started on node nonode@nohost
2021-05-31 08:43:58.523 [info] <0.44.0> Application tools started on node nonode@nohost
2021-05-31 08:43:58.523 [info] <0.44.0> Application jsx started on node nonode@nohost
2021-05-31 08:43:58.523 [info] <0.44.0> Application recon started on node nonode@nohost
2021-05-31 08:43:58.539 [info] <0.44.0> Application credentials_obfuscation started on node nonode@nohost
2021-05-31 08:43:58.539 [info] <0.44.0> Application rabbit_common started on node nonode@nohost
2021-05-31 08:43:58.554 [info] <0.44.0> Application amqp_client started on node nonode@nohost
2021-05-31 08:43:58.554 [info] <0.44.0> Application amqp started on node nonode@nohost
2021-05-31 08:43:58.554 [info] <0.44.0> Application httpoison started on node nonode@nohost
2021-05-31 08:43:58.616 [warning] <0.4338.0> AMQP 0-9-1 client call timeout was 60000 ms, is updated to a safe effective value of 70000 ms
2021-05-31 08:43:58.671 [error] <0.4464.0> gen_server <0.4464.0> terminated with reason: unexpected_delivery_and_no_default_consumer
2021-05-31 08:45:05.893 [info] <0.44.0> Application logger started on node nonode@nohost
2021-05-31 08:45:05.897 [info] <0.44.0> Application poison started on node nonode@nohost
2021-05-31 08:45:05.897 [info] <0.44.0> Application cowlib started on node nonode@nohost
2021-05-31 08:45:05.897 [info] <0.44.0> Application ranch started on node nonode@nohost
2021-05-31 08:45:05.904 [info] <0.44.0> Application cowboy started on node nonode@nohost
2021-05-31 08:45:05.904 [info] <0.44.0> Application eex started on node nonode@nohost
2021-05-31 08:45:05.911 [info] <0.44.0> Application mime started on node nonode@nohost
2021-05-31 08:45:05.912 [info] <0.44.0> Application plug_crypto started on node nonode@nohost
2021-05-31 08:45:05.921 [info] <0.44.0> Application telemetry started on node nonode@nohost
2021-05-31 08:45:05.923 [info] <0.44.0> Application plug started on node nonode@nohost
2021-05-31 08:45:05.923 [info] <0.44.0> Application cowboy_telemetry started on node nonode@nohost
2021-05-31 08:45:05.925 [info] <0.44.0> Application plug_cowboy started on node nonode@nohost
2021-05-31 08:45:05.925 [info] <0.44.0> Application jsonapi started on node nonode@nohost
2021-05-31 08:45:05.925 [info] <0.44.0> Application connection started on node nonode@nohost
2021-05-31 08:45:05.938 [info] <0.44.0> Application db_connection started on node nonode@nohost
2021-05-31 08:45:06.012 [info] <0.44.0> Application mongodb started on node nonode@nohost
2021-05-31 08:45:06.012 [info] <0.44.0> Application unicode_util_compat started on node nonode@nohost
2021-05-31 08:45:06.013 [info] <0.44.0> Application idna started on node nonode@nohost
2021-05-31 08:45:06.013 [info] <0.44.0> Application mimerl started on node nonode@nohost
2021-05-31 08:45:06.013 [info] <0.44.0> Application certifi started on node nonode@nohost
2021-05-31 08:45:06.013 [info] <0.44.0> Application parse_trans started on node nonode@nohost
2021-05-31 08:45:06.013 [info] <0.44.0> Application ssl_verify_fun started on node nonode@nohost
2021-05-31 08:45:06.013 [info] <0.44.0> Application metrics started on node nonode@nohost
2021-05-31 08:45:06.040 [info] <0.44.0> Application hackney started on node nonode@nohost
2021-05-31 08:45:06.145 [info] <0.44.0> Application tzdata started on node nonode@nohost
2021-05-31 08:45:06.145 [info] <0.44.0> Application combine started on node nonode@nohost
2021-05-31 08:45:06.151 [info] <0.44.0> Application gettext started on node nonode@nohost
2021-05-31 08:45:06.158 [info] <0.44.0> Application timex started on node nonode@nohost
2021-05-31 08:45:06.336 [info] <0.44.0> Application jose started on node nonode@nohost
2021-05-31 08:45:06.336 [info] <0.44.0> Application joken started on node nonode@nohost
2021-05-31 08:45:06.336 [info] <0.44.0> Application comeonin started on node nonode@nohost
2021-05-31 08:45:06.337 [info] <0.44.0> Application pbkdf2_elixir started on node nonode@nohost
2021-05-31 08:45:06.337 [info] <0.44.0> Application elixir_uuid started on node nonode@nohost
2021-05-31 08:45:06.337 [info] <0.44.0> Application xmerl started on node nonode@nohost
2021-05-31 08:45:06.354 [info] <0.44.0> Application sasl started on node nonode@nohost
2021-05-31 08:45:06.354 [info] <0.44.0> Application tools started on node nonode@nohost
2021-05-31 08:45:06.354 [info] <0.44.0> Application jsx started on node nonode@nohost
2021-05-31 08:45:06.354 [info] <0.44.0> Application recon started on node nonode@nohost
2021-05-31 08:45:06.370 [info] <0.44.0> Application credentials_obfuscation started on node nonode@nohost
2021-05-31 08:45:06.370 [info] <0.44.0> Application rabbit_common started on node nonode@nohost
2021-05-31 08:45:06.382 [info] <0.44.0> Application amqp_client started on node nonode@nohost
2021-05-31 08:45:06.384 [info] <0.44.0> Application amqp started on node nonode@nohost
2021-05-31 08:45:06.384 [info] <0.44.0> Application httpoison started on node nonode@nohost
2021-05-31 08:45:06.569 [warning] <0.394.0> AMQP 0-9-1 client call timeout was 60000 ms, is updated to a safe effective value of 70000 ms
2021-05-31 08:53:16.835 [info] <0.44.0> Application logger started on node nonode@nohost
2021-05-31 08:53:16.839 [info] <0.44.0> Application poison started on node nonode@nohost
2021-05-31 08:53:16.839 [info] <0.44.0> Application cowlib started on node nonode@nohost
2021-05-31 08:53:16.839 [info] <0.44.0> Application ranch started on node nonode@nohost
2021-05-31 08:53:16.846 [info] <0.44.0> Application cowboy started on node nonode@nohost
2021-05-31 08:53:16.846 [info] <0.44.0> Application eex started on node nonode@nohost
2021-05-31 08:53:16.853 [info] <0.44.0> Application mime started on node nonode@nohost
2021-05-31 08:53:16.855 [info] <0.44.0> Application plug_crypto started on node nonode@nohost
2021-05-31 08:53:16.863 [info] <0.44.0> Application telemetry started on node nonode@nohost
2021-05-31 08:53:16.865 [info] <0.44.0> Application plug started on node nonode@nohost
2021-05-31 08:53:16.865 [info] <0.44.0> Application cowboy_telemetry started on node nonode@nohost
2021-05-31 08:53:16.866 [info] <0.44.0> Application plug_cowboy started on node nonode@nohost
2021-05-31 08:53:16.866 [info] <0.44.0> Application jsonapi started on node nonode@nohost
2021-05-31 08:53:16.866 [info] <0.44.0> Application connection started on node nonode@nohost
2021-05-31 08:53:16.880 [info] <0.44.0> Application db_connection started on node nonode@nohost
2021-05-31 08:53:16.955 [info] <0.44.0> Application mongodb started on node nonode@nohost
2021-05-31 08:53:16.955 [info] <0.44.0> Application unicode_util_compat started on node nonode@nohost
2021-05-31 08:53:16.955 [info] <0.44.0> Application idna started on node nonode@nohost
2021-05-31 08:53:16.955 [info] <0.44.0> Application mimerl started on node nonode@nohost
2021-05-31 08:53:16.955 [info] <0.44.0> Application certifi started on node nonode@nohost
2021-05-31 08:53:16.955 [info] <0.44.0> Application parse_trans started on node nonode@nohost
2021-05-31 08:53:16.955 [info] <0.44.0> Application ssl_verify_fun started on node nonode@nohost
2021-05-31 08:53:16.955 [info] <0.44.0> Application metrics started on node nonode@nohost
2021-05-31 08:53:16.982 [info] <0.44.0> Application hackney started on node nonode@nohost
2021-05-31 08:53:17.086 [info] <0.44.0> Application tzdata started on node nonode@nohost
2021-05-31 08:53:17.086 [info] <0.44.0> Application combine started on node nonode@nohost
2021-05-31 08:53:17.093 [info] <0.44.0> Application gettext started on node nonode@nohost
2021-05-31 08:53:17.100 [info] <0.44.0> Application timex started on node nonode@nohost
2021-05-31 08:53:17.272 [info] <0.44.0> Application jose started on node nonode@nohost
2021-05-31 08:53:17.273 [info] <0.44.0> Application joken started on node nonode@nohost
2021-05-31 08:53:17.273 [info] <0.44.0> Application comeonin started on node nonode@nohost
2021-05-31 08:53:17.273 [info] <0.44.0> Application pbkdf2_elixir started on node nonode@nohost
2021-05-31 08:53:17.273 [info] <0.44.0> Application elixir_uuid started on node nonode@nohost
2021-05-31 08:53:17.273 [info] <0.44.0> Application xmerl started on node nonode@nohost
2021-05-31 08:53:17.295 [info] <0.44.0> Application sasl started on node nonode@nohost
2021-05-31 08:53:17.295 [info] <0.44.0> Application tools started on node nonode@nohost
2021-05-31 08:53:17.295 [info] <0.44.0> Application jsx started on node nonode@nohost
2021-05-31 08:53:17.295 [info] <0.44.0> Application recon started on node nonode@nohost
2021-05-31 08:53:17.310 [info] <0.44.0> Application credentials_obfuscation started on node nonode@nohost
2021-05-31 08:53:17.310 [info] <0.44.0> Application rabbit_common started on node nonode@nohost
2021-05-31 08:53:17.322 [info] <0.44.0> Application amqp_client started on node nonode@nohost
2021-05-31 08:53:17.324 [info] <0.44.0> Application amqp started on node nonode@nohost
2021-05-31 08:53:17.324 [info] <0.44.0> Application httpoison started on node nonode@nohost
2021-05-31 08:53:17.509 [warning] <0.394.0> AMQP 0-9-1 client call timeout was 60000 ms, is updated to a safe effective value of 70000 ms
2021-05-31 09:08:14.116 [info] <0.44.0> Application logger started on node nonode@nohost
2021-05-31 09:08:14.120 [info] <0.44.0> Application poison started on node nonode@nohost
2021-05-31 09:08:14.120 [info] <0.44.0> Application cowlib started on node nonode@nohost
2021-05-31 09:08:14.120 [info] <0.44.0> Application ranch started on node nonode@nohost
2021-05-31 09:08:14.127 [info] <0.44.0> Application cowboy started on node nonode@nohost
2021-05-31 09:08:14.127 [info] <0.44.0> Application eex started on node nonode@nohost
2021-05-31 09:08:14.134 [info] <0.44.0> Application mime started on node nonode@nohost
2021-05-31 09:08:14.136 [info] <0.44.0> Application plug_crypto started on node nonode@nohost
2021-05-31 09:08:14.144 [info] <0.44.0> Application telemetry started on node nonode@nohost
2021-05-31 09:08:14.146 [info] <0.44.0> Application plug started on node nonode@nohost
2021-05-31 09:08:14.146 [info] <0.44.0> Application cowboy_telemetry started on node nonode@nohost
2021-05-31 09:08:14.148 [info] <0.44.0> Application plug_cowboy started on node nonode@nohost
2021-05-31 09:08:14.148 [info] <0.44.0> Application jsonapi started on node nonode@nohost
2021-05-31 09:08:14.148 [info] <0.44.0> Application connection started on node nonode@nohost
2021-05-31 09:08:14.161 [info] <0.44.0> Application db_connection started on node nonode@nohost
2021-05-31 09:08:14.236 [info] <0.44.0> Application mongodb started on node nonode@nohost
2021-05-31 09:08:14.236 [info] <0.44.0> Application unicode_util_compat started on node nonode@nohost
2021-05-31 09:08:14.236 [info] <0.44.0> Application idna started on node nonode@nohost
2021-05-31 09:08:14.236 [info] <0.44.0> Application mimerl started on node nonode@nohost
2021-05-31 09:08:14.236 [info] <0.44.0> Application certifi started on node nonode@nohost
2021-05-31 09:08:14.236 [info] <0.44.0> Application parse_trans started on node nonode@nohost
2021-05-31 09:08:14.236 [info] <0.44.0> Application ssl_verify_fun started on node nonode@nohost
2021-05-31 09:08:14.236 [info] <0.44.0> Application metrics started on node nonode@nohost
2021-05-31 09:08:14.263 [info] <0.44.0> Application hackney started on node nonode@nohost
2021-05-31 09:08:14.371 [info] <0.44.0> Application tzdata started on node nonode@nohost
2021-05-31 09:08:14.371 [info] <0.44.0> Application combine started on node nonode@nohost
2021-05-31 09:08:14.378 [info] <0.44.0> Application gettext started on node nonode@nohost
2021-05-31 09:08:14.386 [info] <0.44.0> Application timex started on node nonode@nohost
2021-05-31 09:08:14.565 [info] <0.44.0> Application jose started on node nonode@nohost
2021-05-31 09:08:14.565 [info] <0.44.0> Application joken started on node nonode@nohost
2021-05-31 09:08:14.565 [info] <0.44.0> Application comeonin started on node nonode@nohost
2021-05-31 09:08:14.565 [info] <0.44.0> Application pbkdf2_elixir started on node nonode@nohost
2021-05-31 09:08:14.565 [info] <0.44.0> Application elixir_uuid started on node nonode@nohost
2021-05-31 09:08:14.565 [info] <0.44.0> Application xmerl started on node nonode@nohost
2021-05-31 09:08:14.582 [info] <0.44.0> Application sasl started on node nonode@nohost
2021-05-31 09:08:14.582 [info] <0.44.0> Application tools started on node nonode@nohost
2021-05-31 09:08:14.582 [info] <0.44.0> Application jsx started on node nonode@nohost
2021-05-31 09:08:14.582 [info] <0.44.0> Application recon started on node nonode@nohost
2021-05-31 09:08:14.597 [info] <0.44.0> Application credentials_obfuscation started on node nonode@nohost
2021-05-31 09:08:14.597 [info] <0.44.0> Application rabbit_common started on node nonode@nohost
2021-05-31 09:08:14.610 [info] <0.44.0> Application amqp_client started on node nonode@nohost
2021-05-31 09:08:14.612 [info] <0.44.0> Application amqp started on node nonode@nohost
2021-05-31 09:08:14.612 [info] <0.44.0> Application httpoison started on node nonode@nohost
2021-05-31 09:08:14.796 [warning] <0.394.0> AMQP 0-9-1 client call timeout was 60000 ms, is updated to a safe effective value of 70000 ms
2021-05-31 09:28:42.779 [info] <0.44.0> Application logger started on node nonode@nohost
2021-05-31 09:28:42.784 [info] <0.44.0> Application poison started on node nonode@nohost
2021-05-31 09:28:42.784 [info] <0.44.0> Application cowlib started on node nonode@nohost
2021-05-31 09:28:42.784 [info] <0.44.0> Application ranch started on node nonode@nohost
2021-05-31 09:28:42.790 [info] <0.44.0> Application cowboy started on node nonode@nohost
2021-05-31 09:28:42.790 [info] <0.44.0> Application eex started on node nonode@nohost
2021-05-31 09:28:42.797 [info] <0.44.0> Application mime started on node nonode@nohost
2021-05-31 09:28:42.799 [info] <0.44.0> Application plug_crypto started on node nonode@nohost
2021-05-31 09:28:42.808 [info] <0.44.0> Application telemetry started on node nonode@nohost
2021-05-31 09:28:42.810 [info] <0.44.0> Application plug started on node nonode@nohost
2021-05-31 09:28:42.811 [info] <0.44.0> Application cowboy_telemetry started on node nonode@nohost
2021-05-31 09:28:42.812 [info] <0.44.0> Application plug_cowboy started on node nonode@nohost
2021-05-31 09:28:42.812 [info] <0.44.0> Application jsonapi started on node nonode@nohost
2021-05-31 09:28:42.812 [info] <0.44.0> Application connection started on node nonode@nohost
2021-05-31 09:28:42.826 [info] <0.44.0> Application db_connection started on node nonode@nohost
2021-05-31 09:28:42.901 [info] <0.44.0> Application mongodb started on node nonode@nohost
2021-05-31 09:28:42.901 [info] <0.44.0> Application unicode_util_compat started on node nonode@nohost
2021-05-31 09:28:42.902 [info] <0.44.0> Application idna started on node nonode@nohost
2021-05-31 09:28:42.902 [info] <0.44.0> Application mimerl started on node nonode@nohost
2021-05-31 09:28:42.902 [info] <0.44.0> Application certifi started on node nonode@nohost
2021-05-31 09:28:42.902 [info] <0.44.0> Application parse_trans started on node nonode@nohost
2021-05-31 09:28:42.902 [info] <0.44.0> Application ssl_verify_fun started on node nonode@nohost
2021-05-31 09:28:42.902 [info] <0.44.0> Application metrics started on node nonode@nohost
2021-05-31 09:28:42.927 [info] <0.44.0> Application hackney started on node nonode@nohost
2021-05-31 09:28:43.032 [info] <0.44.0> Application tzdata started on node nonode@nohost
2021-05-31 09:28:43.032 [info] <0.44.0> Application combine started on node nonode@nohost
2021-05-31 09:28:43.038 [info] <0.44.0> Application gettext started on node nonode@nohost
2021-05-31 09:28:43.046 [info] <0.44.0> Application timex started on node nonode@nohost
2021-05-31 09:28:43.227 [info] <0.44.0> Application jose started on node nonode@nohost
2021-05-31 09:28:43.227 [info] <0.44.0> Application joken started on node nonode@nohost
2021-05-31 09:28:43.227 [info] <0.44.0> Application comeonin started on node nonode@nohost
2021-05-31 09:28:43.227 [info] <0.44.0> Application pbkdf2_elixir started on node nonode@nohost
2021-05-31 09:28:43.228 [info] <0.44.0> Application elixir_uuid started on node nonode@nohost
2021-05-31 09:28:43.228 [info] <0.44.0> Application xmerl started on node nonode@nohost
2021-05-31 09:28:43.247 [info] <0.44.0> Application sasl started on node nonode@nohost
2021-05-31 09:28:43.247 [info] <0.44.0> Application tools started on node nonode@nohost
2021-05-31 09:28:43.248 [info] <0.44.0> Application jsx started on node nonode@nohost
2021-05-31 09:28:43.248 [info] <0.44.0> Application recon started on node nonode@nohost
2021-05-31 09:28:43.266 [info] <0.44.0> Application credentials_obfuscation started on node nonode@nohost
2021-05-31 09:28:43.266 [info] <0.44.0> Application rabbit_common started on node nonode@nohost
2021-05-31 09:28:43.280 [info] <0.44.0> Application amqp_client started on node nonode@nohost
2021-05-31 09:28:43.282 [info] <0.44.0> Application amqp started on node nonode@nohost
2021-05-31 09:28:43.282 [info] <0.44.0> Application httpoison started on node nonode@nohost
2021-05-31 09:28:43.471 [warning] <0.394.0> AMQP 0-9-1 client call timeout was 60000 ms, is updated to a safe effective value of 70000 ms
2021-05-31 10:05:37.778 [info] <0.44.0> Application logger started on node nonode@nohost
2021-05-31 10:05:37.782 [info] <0.44.0> Application poison started on node nonode@nohost
2021-05-31 10:05:37.782 [info] <0.44.0> Application cowlib started on node nonode@nohost
2021-05-31 10:05:37.782 [info] <0.44.0> Application ranch started on node nonode@nohost
2021-05-31 10:05:37.788 [info] <0.44.0> Application cowboy started on node nonode@nohost
2021-05-31 10:05:37.789 [info] <0.44.0> Application eex started on node nonode@nohost
2021-05-31 10:05:37.796 [info] <0.44.0> Application mime started on node nonode@nohost
2021-05-31 10:05:37.797 [info] <0.44.0> Application plug_crypto started on node nonode@nohost
2021-05-31 10:05:37.805 [info] <0.44.0> Application telemetry started on node nonode@nohost
2021-05-31 10:05:37.807 [info] <0.44.0> Application plug started on node nonode@nohost
2021-05-31 10:05:37.807 [info] <0.44.0> Application cowboy_telemetry started on node nonode@nohost
2021-05-31 10:05:37.808 [info] <0.44.0> Application plug_cowboy started on node nonode@nohost
2021-05-31 10:05:37.808 [info] <0.44.0> Application jsonapi started on node nonode@nohost
2021-05-31 10:05:37.809 [info] <0.44.0> Application connection started on node nonode@nohost
2021-05-31 10:05:37.821 [info] <0.44.0> Application db_connection started on node nonode@nohost
2021-05-31 10:05:37.896 [info] <0.44.0> Application mongodb started on node nonode@nohost
2021-05-31 10:05:37.896 [info] <0.44.0> Application unicode_util_compat started on node nonode@nohost
2021-05-31 10:05:37.896 [info] <0.44.0> Application idna started on node nonode@nohost
2021-05-31 10:05:37.897 [info] <0.44.0> Application mimerl started on node nonode@nohost
2021-05-31 10:05:37.897 [info] <0.44.0> Application certifi started on node nonode@nohost
2021-05-31 10:05:37.897 [info] <0.44.0> Application parse_trans started on node nonode@nohost
2021-05-31 10:05:37.897 [info] <0.44.0> Application ssl_verify_fun started on node nonode@nohost
2021-05-31 10:05:37.897 [info] <0.44.0> Application metrics started on node nonode@nohost
2021-05-31 10:05:37.923 [info] <0.44.0> Application hackney started on node nonode@nohost
2021-05-31 10:05:38.027 [info] <0.44.0> Application tzdata started on node nonode@nohost
2021-05-31 10:05:38.027 [info] <0.44.0> Application combine started on node nonode@nohost
2021-05-31 10:05:38.033 [info] <0.44.0> Application gettext started on node nonode@nohost
2021-05-31 10:05:38.040 [info] <0.44.0> Application timex started on node nonode@nohost
2021-05-31 10:05:38.215 [info] <0.44.0> Application jose started on node nonode@nohost
2021-05-31 10:05:38.215 [info] <0.44.0> Application joken started on node nonode@nohost
2021-05-31 10:05:38.215 [info] <0.44.0> Application comeonin started on node nonode@nohost
2021-05-31 10:05:38.215 [info] <0.44.0> Application pbkdf2_elixir started on node nonode@nohost
2021-05-31 10:05:38.215 [info] <0.44.0> Application elixir_uuid started on node nonode@nohost
2021-05-31 10:05:38.216 [info] <0.44.0> Application xmerl started on node nonode@nohost
2021-05-31 10:05:38.238 [info] <0.44.0> Application sasl started on node nonode@nohost
2021-05-31 10:05:38.239 [info] <0.44.0> Application tools started on node nonode@nohost
2021-05-31 10:05:38.239 [info] <0.44.0> Application jsx started on node nonode@nohost
2021-05-31 10:05:38.239 [info] <0.44.0> Application recon started on node nonode@nohost
2021-05-31 10:05:38.254 [info] <0.44.0> Application credentials_obfuscation started on node nonode@nohost
2021-05-31 10:05:38.254 [info] <0.44.0> Application rabbit_common started on node nonode@nohost
2021-05-31 10:05:38.267 [info] <0.44.0> Application amqp_client started on node nonode@nohost
2021-05-31 10:05:38.268 [info] <0.44.0> Application amqp started on node nonode@nohost
2021-05-31 10:05:38.269 [info] <0.44.0> Application httpoison started on node nonode@nohost
2021-05-31 10:05:38.455 [warning] <0.394.0> AMQP 0-9-1 client call timeout was 60000 ms, is updated to a safe effective value of 70000 ms
2021-05-31 10:14:16.163 [info] <0.44.0> Application logger started on node nonode@nohost
2021-05-31 10:14:16.168 [info] <0.44.0> Application poison started on node nonode@nohost
2021-05-31 10:14:16.168 [info] <0.44.0> Application cowlib started on node nonode@nohost
2021-05-31 10:14:16.168 [info] <0.44.0> Application ranch started on node nonode@nohost
2021-05-31 10:14:16.177 [info] <0.44.0> Application cowboy started on node nonode@nohost
2021-05-31 10:14:16.177 [info] <0.44.0> Application eex started on node nonode@nohost
2021-05-31 10:14:16.185 [info] <0.44.0> Application mime started on node nonode@nohost
2021-05-31 10:14:16.187 [info] <0.44.0> Application plug_crypto started on node nonode@nohost
2021-05-31 10:14:16.197 [info] <0.44.0> Application telemetry started on node nonode@nohost
2021-05-31 10:14:16.200 [info] <0.44.0> Application plug started on node nonode@nohost
2021-05-31 10:14:16.200 [info] <0.44.0> Application cowboy_telemetry started on node nonode@nohost
2021-05-31 10:14:16.202 [info] <0.44.0> Application plug_cowboy started on node nonode@nohost
2021-05-31 10:14:16.202 [info] <0.44.0> Application jsonapi started on node nonode@nohost
2021-05-31 10:14:16.202 [info] <0.44.0> Application connection started on node nonode@nohost
2021-05-31 10:14:16.221 [info] <0.44.0> Application db_connection started on node nonode@nohost
2021-05-31 10:14:16.301 [info] <0.44.0> Application mongodb started on node nonode@nohost
2021-05-31 10:14:16.301 [info] <0.44.0> Application unicode_util_compat started on node nonode@nohost
2021-05-31 10:14:16.301 [info] <0.44.0> Application idna started on node nonode@nohost
2021-05-31 10:14:16.301 [info] <0.44.0> Application mimerl started on node nonode@nohost
2021-05-31 10:14:16.301 [info] <0.44.0> Application certifi started on node nonode@nohost
2021-05-31 10:14:16.301 [info] <0.44.0> Application parse_trans started on node nonode@nohost
2021-05-31 10:14:16.302 [info] <0.44.0> Application ssl_verify_fun started on node nonode@nohost
2021-05-31 10:14:16.302 [info] <0.44.0> Application metrics started on node nonode@nohost
2021-05-31 10:14:16.331 [info] <0.44.0> Application hackney started on node nonode@nohost
2021-05-31 10:14:16.443 [info] <0.44.0> Application tzdata started on node nonode@nohost
2021-05-31 10:14:16.443 [info] <0.44.0> Application combine started on node nonode@nohost
2021-05-31 10:14:16.451 [info] <0.44.0> Application gettext started on node nonode@nohost
2021-05-31 10:14:16.458 [info] <0.44.0> Application timex started on node nonode@nohost
2021-05-31 10:14:16.658 [info] <0.44.0> Application jose started on node nonode@nohost
2021-05-31 10:14:16.658 [info] <0.44.0> Application joken started on node nonode@nohost
2021-05-31 10:14:16.658 [info] <0.44.0> Application comeonin started on node nonode@nohost
2021-05-31 10:14:16.658 [info] <0.44.0> Application pbkdf2_elixir started on node nonode@nohost
2021-05-31 10:14:16.658 [info] <0.44.0> Application elixir_uuid started on node nonode@nohost
2021-05-31 10:14:16.658 [info] <0.44.0> Application xmerl started on node nonode@nohost
2021-05-31 10:14:16.678 [info] <0.44.0> Application sasl started on node nonode@nohost
2021-05-31 10:14:16.678 [info] <0.44.0> Application tools started on node nonode@nohost
2021-05-31 10:14:16.678 [info] <0.44.0> Application jsx started on node nonode@nohost
2021-05-31 10:14:16.678 [info] <0.44.0> Application recon started on node nonode@nohost
2021-05-31 10:14:16.695 [info] <0.44.0> Application credentials_obfuscation started on node nonode@nohost
2021-05-31 10:14:16.696 [info] <0.44.0> Application rabbit_common started on node nonode@nohost
2021-05-31 10:14:16.709 [info] <0.44.0> Application amqp_client started on node nonode@nohost
2021-05-31 10:14:16.711 [info] <0.44.0> Application amqp started on node nonode@nohost
2021-05-31 10:14:16.711 [info] <0.44.0> Application httpoison started on node nonode@nohost
2021-05-31 10:14:16.912 [warning] <0.394.0> AMQP 0-9-1 client call timeout was 60000 ms, is updated to a safe effective value of 70000 ms
